\BOOKMARK [0][-]{chapter.1}{\376\377\000I\000n\000t\000r\000o\000d\000u\000\347\000\343\000o}{}% 1
\BOOKMARK [1][-]{section.1.1}{\376\377\000E\000s\000t\000r\000u\000t\000u\000r\000a\000\040\000d\000o\000\040\000T\000r\000a\000b\000a\000l\000h\000o}{chapter.1}% 2
\BOOKMARK [0][-]{chapter.2}{\376\377\000F\000u\000n\000d\000a\000m\000e\000n\000t\000a\000\347\000\343\000o\000\040\000T\000e\000\363\000r\000i\000c\000a}{}% 3
\BOOKMARK [1][-]{section.2.1}{\376\377\000M\000e\000t\000o\000d\000o\000l\000o\000g\000i\000a\000s\000\040\000\301\000g\000e\000i\000s}{chapter.2}% 4
\BOOKMARK [2][-]{subsection.2.1.1}{\376\377\000S\000C\000R\000U\000M}{section.2.1}% 5
\BOOKMARK [1][-]{section.2.2}{\376\377\000D\000e\000v\000O\000p\000s}{chapter.2}% 6
\BOOKMARK [2][-]{subsection.2.2.1}{\376\377\000I\000n\000t\000e\000g\000r\000a\000\347\000\343\000o\000\040\000C\000o\000n\000t\000\355\000n\000u\000a}{section.2.2}% 7
\BOOKMARK [2][-]{subsection.2.2.2}{\376\377\000E\000n\000t\000r\000e\000g\000a\000\040\000e\000\040\000D\000e\000p\000l\000o\000y\000m\000e\000n\000t\000\040\000C\000o\000n\000t\000\355\000n\000u\000o\000s}{section.2.2}% 8
\BOOKMARK [2][-]{subsection.2.2.3}{\376\377\000E\000n\000t\000r\000e\000g\000a\000s\000\040\000P\000a\000r\000c\000i\000a\000i\000s}{section.2.2}% 9
\BOOKMARK [1][-]{section.2.3}{\376\377\000C\000o\000d\000e\000\040\000R\000e\000v\000i\000e\000w}{chapter.2}% 10
\BOOKMARK [1][-]{section.2.4}{\376\377\000T\000r\000a\000b\000a\000l\000h\000o\000s\000\040\000R\000e\000l\000a\000c\000i\000o\000n\000a\000d\000o\000s}{chapter.2}% 11
\BOOKMARK [0][-]{chapter.3}{\376\377\000M\000o\000t\000i\000v\000a\000\347\000\343\000o}{}% 12
\BOOKMARK [1][-]{section.3.1}{\376\377\000A\000\040\000g\000r\000a\000n\000d\000e\000\040\000a\000d\000o\000\347\000\343\000o\000\040\000d\000e\000\040\000C\000I\000\040\000e\000\040\000C\000D}{chapter.3}% 13
\BOOKMARK [1][-]{section.3.2}{\376\377\000A\000\040\000f\000a\000l\000t\000a\000\040\000d\000e\000\040\000e\000s\000t\000u\000d\000o\000s\000\040\000n\000o\000\040\000c\000o\000n\000t\000e\000x\000t\000o\000\040\000R\000e\000c\000i\000f\000e\000n\000s\000e}{chapter.3}% 14
\BOOKMARK [1][-]{section.3.3}{\376\377\000O\000\040\000a\000r\000t\000i\000g\000o\000\040\000b\000a\000s\000e}{chapter.3}% 15
\BOOKMARK [1][-]{section.3.4}{\376\377\000P\000e\000r\000g\000u\000n\000t\000a\000s\000\040\000d\000e\000\040\000p\000e\000s\000q\000u\000i\000s\000a}{chapter.3}% 16
\BOOKMARK [0][-]{chapter.4}{\376\377\000M\000e\000t\000o\000d\000o\000l\000o\000g\000i\000a}{}% 17
\BOOKMARK [1][-]{section.4.1}{\376\377\000P\000r\000\351\000-\000e\000s\000t\000u\000d\000o}{chapter.4}% 18
\BOOKMARK [1][-]{section.4.2}{\376\377\000E\000s\000t\000r\000u\000t\000u\000r\000a\000\040\000d\000a\000\040\000E\000n\000t\000r\000e\000v\000i\000s\000t\000a}{chapter.4}% 19
\BOOKMARK [1][-]{section.4.3}{\376\377\000P\000a\000r\000t\000i\000c\000i\000p\000a\000n\000t\000e\000s}{chapter.4}% 20
\BOOKMARK [1][-]{section.4.4}{\376\377\000A\000n\000\341\000l\000i\000s\000e\000\040\000d\000o\000s\000\040\000D\000a\000d\000o\000s}{chapter.4}% 21
\BOOKMARK [0][-]{chapter.5}{\376\377\000R\000e\000s\000u\000l\000t\000a\000d\000o\000s}{}% 22
\BOOKMARK [1][-]{section.5.1}{\376\377\000E\000s\000t\000u\000d\000o\000\040\000d\000e\000\040\000P\000r\000e\000d\000o\000m\000\355\000n\000i\000o\000\040\000d\000a\000s\000\040\000P\000r\000\341\000t\000i\000c\000a\000s}{chapter.5}% 23
\BOOKMARK [1][-]{section.5.2}{\376\377\000S\000t\000a\000i\000r\000w\000a\000y\000\040\000t\000o\000\040\000h\000e\000a\000v\000e\000n}{chapter.5}% 24
\BOOKMARK [1][-]{section.5.3}{\376\377\000A\000n\000\341\000l\000i\000s\000e\000\040\000d\000a\000s\000\040\000P\000r\000\341\000t\000i\000c\000a\000s}{chapter.5}% 25
\BOOKMARK [2][-]{subsection.5.3.1}{\376\377\000I\000n\000t\000e\000g\000r\000a\000\347\000\343\000o\000\040\000C\000o\000n\000t\000\355\000n\000u\000a}{section.5.3}% 26
\BOOKMARK [3][-]{subsubsection.5.3.1.1}{\376\377\000T\000r\000u\000n\000k\000\040\000B\000a\000s\000e\000d\000\040\000D\000e\000v\000e\000l\000o\000p\000m\000e\000n\000t\000\040\000[\000T\000B\000D\000]}{subsection.5.3.1}% 27
\BOOKMARK [3][-]{subsubsection.5.3.1.2}{\376\377\000F\000e\000a\000t\000u\000r\000e\000\040\000T\000o\000g\000g\000l\000e\000s\000\040\000[\000F\000T\000]}{subsection.5.3.1}% 28
\BOOKMARK [3][-]{subsubsection.5.3.1.3}{\376\377\000D\000e\000v\000e\000l\000o\000p\000e\000r\000\040\000A\000w\000a\000r\000e\000n\000e\000s\000s\000\040\000[\000A\000W\000A\000]}{subsection.5.3.1}% 29
\BOOKMARK [2][-]{subsection.5.3.2}{\376\377\000D\000e\000p\000l\000o\000y\000m\000e\000n\000t\000\040\000C\000o\000n\000t\000\355\000n\000u\000o}{section.5.3}% 30
\BOOKMARK [3][-]{subsubsection.5.3.2.1}{\376\377\000H\000e\000a\000l\000t\000h\000\040\000C\000h\000e\000c\000k\000s\000\040\000[\000H\000C\000]}{subsection.5.3.2}% 31
\BOOKMARK [3][-]{subsubsection.5.3.2.2}{\376\377\000D\000e\000v\000e\000l\000o\000p\000e\000r\000\040\000o\000n\000\040\000C\000a\000l\000l\000\040\000[\000D\000O\000C\000]}{subsection.5.3.2}% 32
\BOOKMARK [3][-]{subsubsection.5.3.2.3}{\376\377\000D\000e\000p\000l\000o\000y\000m\000e\000n\000t\000\040\000P\000i\000p\000e\000l\000i\000n\000e\000\040\000[\000P\000I\000P\000]}{subsection.5.3.2}% 33
\BOOKMARK [2][-]{subsection.5.3.3}{\376\377\000E\000n\000t\000r\000e\000g\000a\000s\000\040\000P\000a\000r\000c\000i\000a\000i\000s}{section.5.3}% 34
\BOOKMARK [3][-]{subsubsection.5.3.3.1}{\376\377\000C\000a\000n\000a\000r\000y\000\040\000R\000e\000l\000e\000a\000s\000e\000s\000\040\000[\000C\000A\000N\000]}{subsection.5.3.3}% 35
\BOOKMARK [3][-]{subsubsection.5.3.3.2}{\376\377\000D\000a\000r\000k\000\040\000L\000a\000u\000n\000c\000h\000e\000s\000\040\000[\000D\000A\000R\000]}{subsection.5.3.3}% 36
\BOOKMARK [3][-]{subsubsection.5.3.3.3}{\376\377\000T\000e\000s\000t\000e\000s\000\040\000A\000/\000B\000\040\000[\000A\000B\000]}{subsection.5.3.3}% 37
\BOOKMARK [1][-]{section.5.4}{\376\377\000D\000e\000s\000c\000o\000b\000e\000r\000t\000a\000s\000\040\000a\000d\000i\000c\000i\000o\000n\000a\000i\000s}{chapter.5}% 38
\BOOKMARK [2][-]{subsection.5.4.1}{\376\377\000C\000o\000d\000e\000\040\000R\000e\000v\000i\000e\000w}{section.5.4}% 39
\BOOKMARK [2][-]{subsection.5.4.2}{\376\377\000T\000e\000s\000t\000e\000s\000\040\000A\000u\000t\000o\000m\000\341\000t\000i\000c\000o\000s}{section.5.4}% 40
\BOOKMARK [1][-]{section.5.5}{\376\377\000A\000m\000e\000a\000\347\000a\000s\000\040\000a\000\040\000v\000a\000l\000i\000d\000a\000d\000e}{chapter.5}% 41
\BOOKMARK [0][-]{chapter.6}{\376\377\000C\000o\000n\000c\000l\000u\000s\000\343\000o}{}% 42
\BOOKMARK [1][-]{section.6.1}{\376\377\000T\000r\000a\000b\000a\000l\000h\000o\000s\000\040\000F\000u\000t\000u\000r\000o\000s}{chapter.6}% 43
\BOOKMARK [0][-]{appendix.A}{\376\377\000Q\000u\000e\000s\000t\000i\000o\000n\000\341\000r\000i\000o\000\040\000T\000r\000a\000d\000u\000z\000i\000d\000o}{}% 44
\BOOKMARK [1][-]{section.A.1}{\376\377\000D\000e\000m\000o\000g\000r\000a\000f\000i\000a}{appendix.A}% 45
\BOOKMARK [1][-]{section.A.2}{\376\377\000P\000r\000o\000c\000e\000s\000s\000o\000\040\000d\000e\000\040\000e\000n\000t\000r\000e\000g\000a\000\040\000e\000m\000\040\000g\000e\000r\000a\000l}{appendix.A}% 46
\BOOKMARK [1][-]{section.A.3}{\376\377\000P\000a\000p\000\351\000i\000s\000/\000R\000e\000s\000p\000o\000n\000s\000a\000b\000i\000l\000i\000d\000a\000d\000e\000s}{appendix.A}% 47
\BOOKMARK [1][-]{section.A.4}{\376\377\000G\000a\000r\000a\000n\000t\000i\000a\000\040\000d\000a\000\040\000Q\000u\000a\000l\000i\000d\000a\000d\000e}{appendix.A}% 48
\BOOKMARK [1][-]{section.A.5}{\376\377\000G\000e\000r\000e\000n\000c\000i\000a\000m\000e\000n\000t\000o\000\040\000d\000e\000\040\000P\000r\000o\000b\000l\000e\000m\000a\000s}{appendix.A}% 49
\BOOKMARK [1][-]{section.A.6}{\376\377\000A\000v\000a\000l\000i\000a\000\347\000\343\000o\000\040\000d\000a\000\040\000e\000n\000t\000r\000e\000g\000a}{appendix.A}% 50
\BOOKMARK [1][-]{section.A.7}{\376\377\000F\000i\000n\000a\000l\000i\000z\000a\000\347\000\343\000o}{appendix.A}% 51
\BOOKMARK [0][-]{appendix.B}{\376\377\000T\000a\000b\000e\000l\000a\000\040\000E\000n\000t\000r\000e\000v\000i\000s\000t\000a\000d\000o\000-\000P\000r\000a\000t\000i\000c\000a\000-\000C\000o\000d\000i\000g\000o\000s}{}% 52
\BOOKMARK [0][-]{appendix.C}{\376\377\000S\000u\000p\000e\000r\000\040\000C\000a\000t\000e\000g\000o\000r\000i\000a\000s}{}% 53
